This is e-pTeX, Version 3.14159265-p3.6-141210-2.6 (sjis) (TeX Live 2015/W32TeX) (preloaded format=platex 2015.11.28)  5 JAN 2017 02:25
entering extended mode
 restricted \write18 enabled.
 %&-line parsing enabled.
**./SpMCvx.tex
(./SpMCvx.tex
pLaTeX2e <2006/11/10> (based on LaTeX2e <2015/01/01> patch level 0)
Babel <3.9l> and hyphenation patterns for 4 languages loaded.
(c:/opt/texlive/texmf-dist/tex/platex/base/jbook.cls
Document Class: jbook 2006/06/27 v1.6 Standard pLaTeX class
\c@@paper=\count81
(c:/opt/texlive/texmf-dist/tex/platex/base/jbk12.clo
File: jbk12.clo 2006/06/27 v1.6 Standard pLaTeX file (size option)
)
\c@part=\count82
\c@chapter=\count83
\c@section=\count84
\c@subsection=\count85
\c@subsubsection=\count86
\c@paragraph=\count87
\c@subparagraph=\count88
\c@figure=\count89
\c@table=\count90
\abovecaptionskip=\skip41
\belowcaptionskip=\skip42
\symmincho=\mathgroup4
LaTeX Font Info:    Overwriting symbol font `mincho' in version `bold'
(Font)                  JY1/mc/m/n --> JY1/gt/m/n on input line 680.
\toclineskip=\dimen118
\@lnumwidth=\dimen119
\bibindent=\dimen120
\heisei=\count91
) (./mytext.sty
(c:/opt/texlive/texmf-dist/tex/latex/amscls/amsthm.sty
Package: amsthm 2015/03/04 v2.20.2
\thm@style=\toks15
\thm@bodyfont=\toks16
\thm@headfont=\toks17
\thm@notefont=\toks18
\thm@headpunct=\toks19
\thm@preskip=\skip43
\thm@postskip=\skip44
\thm@headsep=\skip45
\dth@everypar=\toks20
)
(c:/opt/texlive/texmf-dist/tex/latex/base/fontenc.sty
Package: fontenc 2005/09/27 v1.99g Standard LaTeX package

(c:/opt/texlive/texmf-dist/tex/latex/base/t1enc.def
File: t1enc.def 2005/09/27 v1.99g Standard LaTeX file
LaTeX Font Info:    Redeclaring font encoding T1 on input line 48.
))
(c:/opt/texlive/texmf-local/tex/platex/misc/titlesec/titlesec.sty
Package: titlesec 2011/12/15 v2.10.0 Sectioning titles
\ttl@box=\box41
\beforetitleunit=\skip46
\aftertitleunit=\skip47
\ttl@plus=\dimen121
\ttl@minus=\dimen122
\ttl@toksa=\toks21
\titlewidth=\dimen123
\titlewidthlast=\dimen124
\titlewidthfirst=\dimen125
)
\c@theorem=\count92
\c@definition=\count93
\c@formula=\count94

(c:/opt/texlive/texmf-local/tex/platex/misc/julem.sty
\wd@uline=\dimen126
\ul@badness=\count95
)) (./mydef.sty)
(c:/opt/texlive/texmf-local/tex/platex/misc/cite/chapterbib.sty
\c@inputfile=\count96
Package: chapterbib 1996/08/27  v 1.6
)
(c:/opt/texlive/texmf-dist/tex/latex/graphics/color.sty
Package: color 2014/10/28 v1.1a Standard LaTeX Color (DPC)

(c:/opt/texlive/texmf-dist/tex/latex/latexconfig/color.cfg
File: color.cfg 2007/01/18 v1.5 color configuration of teTeX/TeXLive
)
Package color Info: Driver file: dvipdfmx.def on input line 142.

(c:/opt/texlive/texmf-dist/tex/latex/dvipdfmx-def/dvipdfmx.def
File: dvipdfmx.def 2015/03/26 v4.04 LaTeX color/graphics driver for dvipdfmx (T
eX Live/ChoF)
)
(c:/opt/texlive/texmf-dist/tex/latex/graphics/dvipsnam.def
File: dvipsnam.def 2014/10/14 v3.0j Driver-dependent file (DPC,SPQR)
))
(c:/opt/texlive/texmf-dist/tex/latex/graphics/graphicx.sty
Package: graphicx 2014/10/28 v1.0g Enhanced LaTeX Graphics (DPC,SPQR)

(c:/opt/texlive/texmf-dist/tex/latex/graphics/keyval.sty
Package: keyval 2014/10/28 v1.15 key=value parser (DPC)
\KV@toks@=\toks22
)
(c:/opt/texlive/texmf-dist/tex/latex/graphics/graphics.sty
Package: graphics 2014/10/28 v1.0p Standard LaTeX Graphics (DPC,SPQR)

(c:/opt/texlive/texmf-dist/tex/latex/graphics/trig.sty
Package: trig 1999/03/16 v1.09 sin cos tan (DPC)
)
(c:/opt/texlive/texmf-dist/tex/latex/latexconfig/graphics.cfg
File: graphics.cfg 2010/04/23 v1.9 graphics configuration of TeX Live
)
Package graphics Info: Driver file: dvipdfmx.def on input line 94.
)
\Gin@req@height=\dimen127
\Gin@req@width=\dimen128
)
(c:/opt/texlive/texmf-local/tex/platex/misc/mediabb.sty
Package: mediabb 2013/03/12 v1.10 iNOUE Koich! <inoue@ma.ns.tcu.ac.jp>
)
(c:/opt/texlive/texmf-local/tex/platex/misc/corona-cls-1.1/win-mac/manual/ver.1
.1を使用する場合の追加マニュアル/amssymb.sty
Package: amssymb 1996/11/03 v2.2b

(c:/opt/texlive/texmf-local/tex/platex/misc/corona-cls-1.1/win-mac/manual/ver.1
.1を使用する場合の追加マニュアル/amsfonts.sty
Package: amsfonts 1997/09/17 v2.2e
\@emptytoks=\toks23
\symAMSa=\mathgroup5
\symAMSb=\mathgroup6
LaTeX Font Info:    Overwriting math alphabet `\mathfrak' in version `bold'
(Font)                  U/euf/m/n --> U/euf/b/n on input line 133.
))
(c:/opt/texlive/texmf-local/tex/platex/misc/fancyhdr.sty
\headwidth=\dimen129
)
(c:/opt/texlive/texmf-local/tex/platex/misc/listings/listings.sty
\lst@mode=\count97
\lst@gtempboxa=\box42
\lst@token=\toks24
\lst@length=\count98
\lst@currlwidth=\dimen130
\lst@column=\count99
\lst@pos=\count100
\lst@lostspace=\dimen131
\lst@width=\dimen132
\lst@newlines=\count101
\lst@lineno=\count102
\lst@maxwidth=\dimen133

(c:/opt/texlive/texmf-local/tex/platex/misc/listings/lstmisc.sty
File: lstmisc.sty 2014/03/04 1.5c (Carsten Heinz)
\c@lstnumber=\count103
\lst@skipnumbers=\count104
\lst@framebox=\box43
)
(c:/opt/texlive/texmf-local/tex/platex/misc/listings/listings.cfg
File: listings.cfg 2014/03/04 1.5c listings configuration
))
Package: listings 2014/03/04 1.5c (Carsten Heinz)

(c:/opt/texlive/texmf-local/tex/platex/misc/listings/jlisting.sty
Package: jlisting 2006/02/20 0.2 (Thor)
\lst@nextchar=\count105
\lst@inputfile=\read1
)
(c:/opt/texlive/texmf-local/tex/platex/misc/sslab/here.sty)
(c:/opt/texlive/texmf-local/tex/platex/misc/ulem.sty
\UL@hyphenbox=\box44
\UL@box=\box45
\UL@skip=\skip48
\ULdepth=\dimen134
\UL@pe=\count106
\UL@pixel=\dimen135
\ULC@box=\box46
Package: ulem 1995/12/17
)
(c:/opt/texlive/texmf-local/tex/platex/misc/datetime.sty
Package: datetime 2010/09/21 v2.58 Date Time Package

(c:/opt/texlive/texmf-local/tex/platex/misc/fmtcount.sty
Package: fmtcount 2009/10/02 v1.31

(c:/opt/texlive/texmf-dist/tex/latex/base/ifthen.sty
Package: ifthen 2014/09/29 v1.1c Standard LaTeX ifthen package (DPC)
)
(c:/opt/texlive/texmf-local/tex/platex/misc/corona-cls-1.1/win-mac/manual/ver.1
.1を使用する場合の追加マニュアル/amsgen.sty
File: amsgen.sty 1999/11/30 v2.0
\@emptytoks=\toks25
\ex@=\dimen136
)
\c@padzeroesN=\count107

(c:/opt/texlive/texmf-local/tex/platex/misc/fc-english.def
File: fc-english 2007/05/26
)
(c:/opt/texlive/texmf-local/tex/platex/misc/fc-UKenglish.def
File: fc-UKenglish 2007/06/14
)
(c:/opt/texlive/texmf-local/tex/platex/misc/fc-british.def
File: fc-british 2007/06/14
)
(c:/opt/texlive/texmf-local/tex/platex/misc/fc-USenglish.def
File: fc-USenglish 2007/06/14
)
No configuration file fmtcount.cfg found.
\@DT@modctr=\count108
\@ordinalctr=\count109
\@orgargctr=\count110
\@strctr=\count111
\@tmpstrctr=\count112
\@DT@loopN=\count113
\@DT@X=\count114
)
\@day=\count115
\@month=\count116
\@year=\count117
\c@HOUR=\count118
\c@HOURXII=\count119
\c@MINUTE=\count120
\c@TOHOUR=\count121
\c@TOMINUTE=\count122
\c@SECOND=\count123
\currenthour=\count124
\currentminute=\count125
\currentsecond=\count126
Package datetime Info: No datetime.cfg file found, using default settings on in
put line 292.
\@dtctr=\count127
\dayofyear=\count128
\dayofweek=\count129
LaTeX Info: Redefining \today on input line 724.
\dt@a=\toks26
\dt@b=\toks27
) (c:/opt/texlive/texmf-local/tex/platex/misc/algorithm.sty
Package: algorithm 

Document Style `algorithm' - floating environment
(c:/opt/texlive/texmf-dist/tex/latex/float/float.sty
Package: float 2001/11/08 v1.3d Float enhancements (AL)
\c@float@type=\count130
\float@exts=\toks28
\float@box=\box47
\@float@everytoks=\toks29
\@floatcapt=\box48
)
\@float@every@algorithm=\toks30
\c@algorithm=\count131
)
(c:/opt/texlive/texmf-local/tex/platex/misc/algorithmic/algorithmic.sty
Package: algorithmic 2006/06/02

Document Style `algorithmic' - environment
(c:/opt/texlive/texmf-dist/tex/latex/tools/calc.sty
Package: calc 2014/10/28 v4.3 Infix arithmetic (KKT,FJ)
\calc@Acount=\count132
\calc@Bcount=\count133
\calc@Adimen=\dimen137
\calc@Bdimen=\dimen138
\calc@Askip=\skip49
\calc@Bskip=\skip50
LaTeX Info: Redefining \setlength on input line 80.
LaTeX Info: Redefining \addtolength on input line 81.
\calc@Ccount=\count134
\calc@Cskip=\skip51
)
\c@ALC@line=\count135
\c@ALC@rem=\count136
\c@ALC@depth=\count137
\ALC@tlm=\skip52
\algorithmicindent=\skip53
)
(c:/opt/texlive/texmf-local/tex/platex/misc/listings/lstlang1.sty
File: lstlang1.sty 2014/03/04 1.5c listings language file
)
(c:/opt/texlive/texmf-dist/tex/latex/hyperref/hyperref.sty
Package: hyperref 2012/11/06 v6.83m Hypertext links for LaTeX

(c:/opt/texlive/texmf-dist/tex/generic/oberdiek/hobsub-hyperref.sty
Package: hobsub-hyperref 2012/05/28 v1.13 Bundle oberdiek, subset hyperref (HO)


(c:/opt/texlive/texmf-dist/tex/generic/oberdiek/hobsub-generic.sty
Package: hobsub-generic 2012/05/28 v1.13 Bundle oberdiek, subset generic (HO)
Package: hobsub 2012/05/28 v1.13 Construct package bundles (HO)
Package: infwarerr 2010/04/08 v1.3 Providing info/warning/error messages (HO)
Package: ltxcmds 2011/11/09 v1.22 LaTeX kernel commands for general use (HO)
Package: ifluatex 2010/03/01 v1.3 Provides the ifluatex switch (HO)
Package ifluatex Info: LuaTeX not detected.
Package: ifvtex 2010/03/01 v1.5 Detect VTeX and its facilities (HO)
Package ifvtex Info: VTeX not detected.
Package: intcalc 2007/09/27 v1.1 Expandable calculations with integers (HO)
Package: ifpdf 2011/01/30 v2.3 Provides the ifpdf switch (HO)
Package ifpdf Info: pdfTeX in PDF mode is not detected.
Package: etexcmds 2011/02/16 v1.5 Avoid name clashes with e-TeX commands (HO)
Package etexcmds Info: Could not find \expanded.
(etexcmds)             That can mean that you are not using pdfTeX 1.50 or
(etexcmds)             that some package has redefined \expanded.
(etexcmds)             In the latter case, load this package earlier.
Package: kvsetkeys 2012/04/25 v1.16 Key value parser (HO)
Package: kvdefinekeys 2011/04/07 v1.3 Define keys (HO)
Package: pdftexcmds 2011/11/29 v0.20 Utility functions of pdfTeX for LuaTeX (HO
)
Package pdftexcmds Info: LuaTeX not detected.
Package pdftexcmds Info: pdfTeX >= 1.30 not detected.
Package pdftexcmds Info: \pdf@primitive is not available.
Package pdftexcmds Info: \pdf@ifprimitive is not available.
Package pdftexcmds Info: \pdfdraftmode not found.
Package: pdfescape 2011/11/25 v1.13 Implements pdfTeX's escape features (HO)
Package: bigintcalc 2012/04/08 v1.3 Expandable calculations on big integers (HO
)
Package: bitset 2011/01/30 v1.1 Handle bit-vector datatype (HO)
Package: uniquecounter 2011/01/30 v1.2 Provide unlimited unique counter (HO)
)
Package hobsub Info: Skipping package `hobsub' (already loaded).
Package: letltxmacro 2010/09/02 v1.4 Let assignment for LaTeX macros (HO)
Package: hopatch 2012/05/28 v1.2 Wrapper for package hooks (HO)
Package: xcolor-patch 2011/01/30 xcolor patch
Package: atveryend 2011/06/30 v1.8 Hooks at the very end of document (HO)
Package atveryend Info: \enddocument detected (standard20110627).
Package: atbegshi 2011/10/05 v1.16 At begin shipout hook (HO)
Package: refcount 2011/10/16 v3.4 Data extraction from label references (HO)
Package: hycolor 2011/01/30 v1.7 Color options for hyperref/bookmark (HO)
)
(c:/opt/texlive/texmf-dist/tex/generic/ifxetex/ifxetex.sty
Package: ifxetex 2010/09/12 v0.6 Provides ifxetex conditional
)
(c:/opt/texlive/texmf-dist/tex/latex/oberdiek/auxhook.sty
Package: auxhook 2011/03/04 v1.3 Hooks for auxiliary files (HO)
)
(c:/opt/texlive/texmf-dist/tex/latex/oberdiek/kvoptions.sty
Package: kvoptions 2011/06/30 v3.11 Key value format for package options (HO)
)
\@linkdim=\dimen139
\Hy@linkcounter=\count138
\Hy@pagecounter=\count139

(c:/opt/texlive/texmf-dist/tex/latex/hyperref/pd1enc.def
File: pd1enc.def 2012/11/06 v6.83m Hyperref: PDFDocEncoding definition (HO)
)
\Hy@SavedSpaceFactor=\count140

(c:/opt/texlive/texmf-dist/tex/latex/latexconfig/hyperref.cfg
File: hyperref.cfg 2002/06/06 v1.2 hyperref configuration of TeXLive
)
Package hyperref Info: Option `bookmarks' set `false' on input line 4319.
Package hyperref Info: Option `colorlinks' set `true' on input line 4319.
Package hyperref Info: Hyper figures OFF on input line 4443.
Package hyperref Info: Link nesting OFF on input line 4448.
Package hyperref Info: Hyper index ON on input line 4451.
Package hyperref Info: Plain pages OFF on input line 4458.
Package hyperref Info: Backreferencing OFF on input line 4463.
Package hyperref Info: Implicit mode ON; LaTeX internals redefined.
Package hyperref Info: Bookmarks OFF on input line 4694.
\c@Hy@tempcnt=\count141

(c:/opt/texlive/texmf-local/tex/platex/misc/url.sty
Package: url 1996/10/19  ver 1.2  Verb mode for urls, email addresses, and file
 names
)
LaTeX Info: Redefining \url on input line 5041.
\XeTeXLinkMargin=\dimen140
\Fld@menulength=\count142
\Field@Width=\dimen141
\Fld@charsize=\dimen142
Package hyperref Info: Hyper figures OFF on input line 6295.
Package hyperref Info: Link nesting OFF on input line 6300.
Package hyperref Info: Hyper index ON on input line 6303.
Package hyperref Info: backreferencing OFF on input line 6310.
Package hyperref Info: Link coloring ON on input line 6313.
Package hyperref Info: Link coloring with OCG OFF on input line 6320.
Package hyperref Info: PDF/A mode OFF on input line 6325.
LaTeX Info: Redefining \ref on input line 6365.
LaTeX Info: Redefining \pageref on input line 6369.
\Hy@abspage=\count143
\c@Item=\count144
\c@Hfootnote=\count145
)

Package hyperref Message: Driver: hdvipdfm.

(c:/opt/texlive/texmf-dist/tex/latex/hyperref/hdvipdfm.def
File: hdvipdfm.def 2012/11/06 v6.83m Hyperref driver for dvipdfm
\pdfm@box=\box49
\c@Hy@AnnotLevel=\count146
\HyField@AnnotCount=\count147
\Fld@listcount=\count148
\c@bookmark@seq@number=\count149

(c:/opt/texlive/texmf-dist/tex/latex/oberdiek/rerunfilecheck.sty
Package: rerunfilecheck 2011/04/15 v1.7 Rerun checks for auxiliary files (HO)
Package rerunfilecheck Info: Feature \pdfmdfivesum is not available
(rerunfilecheck)             (e.g. pdfTeX or LuaTeX with package `pdftexcmds').

(rerunfilecheck)             Therefore file contents cannot be checked efficien
tly
(rerunfilecheck)             and the loading of the package is aborted.
)
\Hy@SectionHShift=\skip54
)
(./SpMCvx.aux (./Preliminaries.aux) (./RandomProjection.aux)
(./UnderdeterminedProblem.aux) (./SparseSolution.aux)
(./SparseSolvers_greedy.aux) (./SparseSolvers_relax.aux) (./Ncut.aux)
(./biClustering.aux))
\openout1 = `SpMCvx.aux'.

LaTeX Font Info:    Checking defaults for OML/cmm/m/it on input line 126.
LaTeX Font Info:    ... okay on input line 126.
LaTeX Font Info:    Checking defaults for T1/cmr/m/n on input line 126.
LaTeX Font Info:    ... okay on input line 126.
LaTeX Font Info:    Checking defaults for OT1/cmr/m/n on input line 126.
LaTeX Font Info:    ... okay on input line 126.
LaTeX Font Info:    Checking defaults for OMS/cmsy/m/n on input line 126.
LaTeX Font Info:    ... okay on input line 126.
LaTeX Font Info:    Checking defaults for OMX/cmex/m/n on input line 126.
LaTeX Font Info:    ... okay on input line 126.
LaTeX Font Info:    Checking defaults for U/cmr/m/n on input line 126.
LaTeX Font Info:    ... okay on input line 126.
LaTeX Font Info:    Checking defaults for JY1/mc/m/n on input line 126.
LaTeX Font Info:    ... okay on input line 126.
LaTeX Font Info:    Checking defaults for JT1/mc/m/n on input line 126.
LaTeX Font Info:    ... okay on input line 126.
LaTeX Font Info:    Checking defaults for PD1/pdf/m/n on input line 126.
LaTeX Font Info:    ... okay on input line 126.
\c@lstlisting=\count150
\AtBeginShipoutBox=\box50
Package hyperref Info: Link coloring ON on input line 126.
 (c:/opt/texlive/texmf-dist/tex/latex/hyperref/nameref.sty
Package: nameref 2012/10/27 v2.43 Cross-referencing by name of section
(c:/opt/texlive/texmf-dist/tex/generic/oberdiek/gettitlestring.sty
Package: gettitlestring 2010/12/03 v1.4 Cleanup title references (HO)
)
\c@section@level=\count151
)
LaTeX Info: Redefining \ref on input line 126.
LaTeX Info: Redefining \pageref on input line 126.
LaTeX Info: Redefining \nameref on input line 126.
LaTeX Font Info:    Font shape `JT1/mc/bx/n' in size <17.28> not available
(Font)              Font shape `JT1/gt/m/n' tried instead on input line 135.
LaTeX Font Info:    Font shape `JY1/mc/bx/n' in size <17.28> not available
(Font)              Font shape `JY1/gt/m/n' tried instead on input line 135.
LaTeX Font Info:    Font shape `JT1/mc/bx/n' in size <12> not available
(Font)              Font shape `JT1/gt/m/n' tried instead on input line 136.
LaTeX Font Info:    Font shape `JY1/mc/bx/n' in size <12> not available
(Font)              Font shape `JY1/gt/m/n' tried instead on input line 136.
LaTeX Font Info:    Try loading font information for U+msa on input line 139.

(c:/opt/texlive/texmf-dist/tex/latex/amsfonts/umsa.fd
File: umsa.fd 2013/01/14 v3.01 AMS symbols A
)
LaTeX Font Info:    Try loading font information for U+msb on input line 139.

(c:/opt/texlive/texmf-dist/tex/latex/amsfonts/umsb.fd
File: umsb.fd 2013/01/14 v3.01 AMS symbols B
) [1

] (./SpMCvx.toc
[2

])
\tf@toc=\write3
\openout3 = `SpMCvx.toc'.


Overfull \vbox (4.49998pt too high) has occurred while \output is active []

LaTeX Font Info:    Try loading font information for OMS+cmr on input line 147.


(c:/opt/texlive/texmf-dist/tex/latex/base/omscmr.fd
File: omscmr.fd 2014/09/29 v2.5h Standard LaTeX font definitions
)
LaTeX Font Info:    Font shape `OMS/cmr/m/n' in size <12> not available
(Font)              Font shape `OMS/cmsy/m/n' tried instead on input line 147.
 [3]
\openout2 = `Preliminaries.aux'.

 (./Preliminaries.tex
[4



])
Overfull \vbox (4.49998pt too high) has occurred while \output is active []


[5]
\openout2 = `RandomProjection.aux'.

 (./RandomProjection.tex (./Common.tex)
File: RP.eps Graphic file (type eps)
 <RP.eps> [6




]
File: RPp.eps Graphic file (type eps)
 <RPp.eps>
LaTeX Font Info:    Try loading font information for T1+cmtt on input line 137.


(c:/opt/texlive/texmf-dist/tex/latex/base/t1cmtt.fd
File: t1cmtt.fd 2014/09/29 v2.5h Standard LaTeX font definitions
)
LaTeX Font Info:    Font shape `T1/cmtt/bx/n' in size <12> not available
(Font)              Font shape `T1/cmtt/m/n' tried instead on input line 139.

Overfull \vbox (4.49998pt too high) has occurred while \output is active []


[7]
Overfull \vbox (4.49998pt too high) has occurred while \output is active []


[8] (./RandomProjection.bbl)
LaTeX Font Info:    Font shape `JT1/mc/bx/n' in size <10> not available
(Font)              Font shape `JT1/gt/m/n' tried instead on input line 233.
LaTeX Font Info:    Font shape `JY1/mc/bx/n' in size <10> not available
(Font)              Font shape `JY1/gt/m/n' tried instead on input line 233.

Overfull \vbox (4.49998pt too high) has occurred while \output is active []


[9])
Overfull \vbox (4.49998pt too high) has occurred while \output is active []


[10]
\openout2 = `UnderdeterminedProblem.aux'.

 (./UnderdeterminedProblem.tex (./Common.tex)
Overfull \vbox (4.49998pt too high) has occurred while \output is active []


[11




] [12]
Overfull \vbox (4.49998pt too high) has occurred while \output is active []


[13]

LaTeX Font Warning: Command \small invalid in math mode on input line 240.


LaTeX Font Warning: Command \small invalid in math mode on input line 267.


Overfull \vbox (4.49998pt too high) has occurred while \output is active []


[14]

LaTeX Font Warning: Command \small invalid in math mode on input line 333.


LaTeX Font Warning: Command \small invalid in math mode on input line 355.


Overfull \vbox (4.49998pt too high) has occurred while \output is active []


[15])
Overfull \vbox (4.49998pt too high) has occurred while \output is active []


[16]
\openout2 = `SparseSolution.aux'.

 (./SparseSolution.tex (./Common.tex)
Overfull \vbox (4.49998pt too high) has occurred while \output is active []


[17




]
File: cs_applications.eps Graphic file (type eps)
 <cs_applications.eps> [18]

LaTeX Font Warning: Command \small invalid in math mode on input line 77.


LaTeX Font Warning: Command \scriptsize invalid in math mode on input line 96.


Overfull \vbox (4.49998pt too high) has occurred while \output is active []


[19

]
Overfull \vbox (4.49998pt too high) has occurred while \output is active []


[20]

LaTeX Font Warning: Command \small invalid in math mode on input line 247.


Overfull \vbox (4.49998pt too high) has occurred while \output is active []


[21]
Overfull \vbox (4.49998pt too high) has occurred while \output is active []


[22]
Overfull \vbox (4.49998pt too high) has occurred while \output is active []


[23] (./SparseSolution.bbl))
Overfull \vbox (4.49998pt too high) has occurred while \output is active []


[24]
\openout2 = `SparseSolvers_greedy.aux'.

 (./SparseSolvers_greedy.tex (./Common.tex)
Overfull \vbox (4.49998pt too high) has occurred while \output is active []


[25




]

LaTeX Font Warning: Command \small invalid in math mode on input line 8.

Package hyperref Info: bookmark level for unknown algorithm defaults to 0 on in
put line 37.

LaTeX Font Warning: Font shape `JT1/mc/m/sc' undefined
(Font)              using `JT1/mc/m/n' instead on input line 37.


LaTeX Font Warning: Font shape `JY1/mc/m/sc' undefined
(Font)              using `JY1/mc/m/n' instead on input line 37.

[26]

LaTeX Warning: Citation `Wright09' in file `SparseSolvers_greedy' on page 27 un
defined on input line 142.


Overfull \vbox (4.49998pt too high) has occurred while \output is active []


[27] (./SparseSolvers_greedy.bbl
Overfull \vbox (4.49998pt too high) has occurred while \output is active []


[28]))
Overfull \vbox (4.49998pt too high) has occurred while \output is active []


[29]
\openout2 = `SparseSolvers_relax.aux'.

 (./SparseSolvers_relax.tex (./Common.tex)

LaTeX Font Warning: Command \small invalid in math mode on input line 8.


LaTeX Font Warning: Command \small invalid in math mode on input line 19.


LaTeX Font Warning: Command \small invalid in math mode on input line 45.


LaTeX Font Warning: Command \small invalid in math mode on input line 54.


LaTeX Font Warning: Command \small invalid in math mode on input line 63.

[30




]
Overfull \vbox (4.49998pt too high) has occurred while \output is active []


[31]
Overfull \vbox (4.49998pt too high) has occurred while \output is active []


[32]
Overfull \vbox (4.49998pt too high) has occurred while \output is active []


[33] (./SparseSolvers_relax.bbl
Overfull \vbox (4.49998pt too high) has occurred while \output is active []


[34]))
Overfull \vbox (4.49998pt too high) has occurred while \output is active []


[35]
\openout2 = `Ncut.aux'.

 (./Ncut.tex (./Common.tex)
File: Ncut5points.eps Graphic file (type eps)
 <Ncut5points.eps>
File: Ncut5discon.eps Graphic file (type eps)
 <Ncut5discon.eps>
File: Ncut5simgra.eps Graphic file (type eps)

<Ncut5simgra.eps> [36




]
Overfull \vbox (4.49998pt too high) has occurred while \output is active []


[37]
Overfull \vbox (4.49998pt too high) has occurred while \output is active []


[38]
File: Ncut5clsind.eps Graphic file (type eps)
 <Ncut5clsind.eps>

LaTeX Warning: `h' float specifier changed to `ht'.


Overfull \vbox (4.49998pt too high) has occurred while \output is active []


[39]
Overfull \vbox (4.49998pt too high) has occurred while \output is active []


[40]
Overfull \vbox (4.49998pt too high) has occurred while \output is active []


[41]
Overfull \vbox (4.49998pt too high) has occurred while \output is active []


[42] (./Ncut.bbl))
Overfull \vbox (4.49998pt too high) has occurred while \output is active []


[43]
\openout2 = `biClustering.aux'.

 (./biClustering.tex (./Common.tex)
File: Bi_5x4A.eps Graphic file (type eps)
 <Bi_5x4A.eps>
File: Bi_5x4As.eps Graphic file (type eps)
 <Bi_5x4As.eps>
File: Bi_5x4Ws.eps Graphic file (type eps)

<Bi_5x4Ws.eps>

LaTeX Warning: `h' float specifier changed to `ht'.

[44




]
Overfull \vbox (4.49998pt too high) has occurred while \output is active []


[45]
Overfull \vbox (4.49998pt too high) has occurred while \output is active []


[46]
File: biNcut5vs4.eps Graphic file (type eps)
 <biNcut5vs4.eps>

LaTeX Warning: `h' float specifier changed to `ht'.


Overfull \vbox (4.49998pt too high) has occurred while \output is active []


[47] (./biClustering.bbl
Overfull \vbox (4.49998pt too high) has occurred while \output is active []


[48]))
Overfull \vbox (4.49998pt too high) has occurred while \output is active []


[49]
Package atveryend Info: Empty hook `BeforeClearDocument' on input line 156.
Package atveryend Info: Empty hook `AfterLastShipout' on input line 156.
 (./SpMCvx.aux (./Preliminaries.aux) (./RandomProjection.aux)
(./UnderdeterminedProblem.aux) (./SparseSolution.aux)
(./SparseSolvers_greedy.aux) (./SparseSolvers_relax.aux) (./Ncut.aux)
(./biClustering.aux))
Package atveryend Info: Empty hook `AtVeryEndDocument' on input line 156.
Package atveryend Info: Empty hook `AtEndAfterFileList' on input line 156.


LaTeX Font Warning: Some font shapes were not available, defaults substituted.


LaTeX Warning: There were undefined references.


LaTeX Warning: Label(s) may have changed. Rerun to get cross-references right.

Package atveryend Info: Empty hook `AtVeryVeryEnd' on input line 156.
 ) 
Here is how much of TeX's memory you used:
 9069 strings out of 495186
 127607 string characters out of 6185444
 404350 words of memory out of 5000000
 12192 multiletter control sequences out of 15000+600000
 32365 words of font info for 108 fonts, out of 8000000 for 9000
 36 hyphenation exceptions out of 8191
 36i,16n,43p,953b,2281s stack positions out of 5000i,500n,10000p,200000b,80000s

Output written on SpMCvx.dvi (49 pages, 368920 bytes).
